{
    "name": 404,
    "message": "Page not found on this path: /",
    "stack": "404: Page not found on this path: /\n    at C:\\Users\\maina\\OneDrive\\Desktop\\DocumentsJoan\\TheJitu\\groupWork\\thejitu-express-error-handling\\server.js:86:33\n    at Layer.handle [as handle_request] (C:\\Users\\maina\\node_modules\\express\\lib\\router\\layer.js:95:5)\n    at next (C:\\Users\\maina\\node_modules\\express\\lib\\router\\route.js:137:13)\n    at Route.dispatch (C:\\Users\\maina\\node_modules\\express\\lib\\router\\route.js:112:3)\n    at Layer.handle [as handle_request] (C:\\Users\\maina\\node_modules\\express\\lib\\router\\layer.js:95:5)\n    at C:\\Users\\maina\\node_modules\\express\\lib\\router\\index.js:281:22\n    at param (C:\\Users\\maina\\node_modules\\express\\lib\\router\\index.js:354:14)\n    at param (C:\\Users\\maina\\node_modules\\express\\lib\\router\\index.js:365:14)\n    at Function.process_params (C:\\Users\\maina\\node_modules\\express\\lib\\router\\index.js:410:3)\n    at next (C:\\Users\\maina\\node_modules\\express\\lib\\router\\index.js:275:10)"
}
{
    "name": 404,
    "message": "Page not found on this path: /",
    "stack": "404: Page not found on this path: /\n    at C:\\Users\\maina\\OneDrive\\Desktop\\DocumentsJoan\\TheJitu\\groupWork\\thejitu-express-error-handling\\server.js:86:33\n    at Layer.handle [as handle_request] (C:\\Users\\maina\\node_modules\\express\\lib\\router\\layer.js:95:5)\n    at next (C:\\Users\\maina\\node_modules\\express\\lib\\router\\route.js:137:13)\n    at Route.dispatch (C:\\Users\\maina\\node_modules\\express\\lib\\router\\route.js:112:3)\n    at Layer.handle [as handle_request] (C:\\Users\\maina\\node_modules\\express\\lib\\router\\layer.js:95:5)\n    at C:\\Users\\maina\\node_modules\\express\\lib\\router\\index.js:281:22\n    at param (C:\\Users\\maina\\node_modules\\express\\lib\\router\\index.js:354:14)\n    at param (C:\\Users\\maina\\node_modules\\express\\lib\\router\\index.js:365:14)\n    at Function.process_params (C:\\Users\\maina\\node_modules\\express\\lib\\router\\index.js:410:3)\n    at next (C:\\Users\\maina\\node_modules\\express\\lib\\router\\index.js:275:10)"
}
{
    "name": 404,
    "message": "Page not found on this path: /register",
    "stack": "404: Page not found on this path: /register\n    at C:\\Users\\user\\Documents\\The Jitu\\The-Jitu\\error handling\\server.js:86:33\n    at Layer.handle [as handle_request] (C:\\Users\\user\\Documents\\The Jitu\\The-Jitu\\error handling\\node_modules\\express\\lib\\router\\layer.js:95:5)\n    at next (C:\\Users\\user\\Documents\\The Jitu\\The-Jitu\\error handling\\node_modules\\express\\lib\\router\\route.js:137:13)\n    at Route.dispatch (C:\\Users\\user\\Documents\\The Jitu\\The-Jitu\\error handling\\node_modules\\express\\lib\\router\\route.js:112:3)\n    at Layer.handle [as handle_request] (C:\\Users\\user\\Documents\\The Jitu\\The-Jitu\\error handling\\node_modules\\express\\lib\\router\\layer.js:95:5)\n    at C:\\Users\\user\\Documents\\The Jitu\\The-Jitu\\error handling\\node_modules\\express\\lib\\router\\index.js:281:22\n    at param (C:\\Users\\user\\Documents\\The Jitu\\The-Jitu\\error handling\\node_modules\\express\\lib\\router\\index.js:354:14)\n    at param (C:\\Users\\user\\Documents\\The Jitu\\The-Jitu\\error handling\\node_modules\\express\\lib\\router\\index.js:365:14)\n    at Function.process_params (C:\\Users\\user\\Documents\\The Jitu\\The-Jitu\\error handling\\node_modules\\express\\lib\\router\\index.js:410:3)\n    at next (C:\\Users\\user\\Documents\\The Jitu\\The-Jitu\\error handling\\node_modules\\express\\lib\\router\\index.js:275:10)"
}
{
    "name": "Error",
    "message": "synchronous error",
    "stack": "Error: synchronous error\n    at C:\\Users\\user\\Documents\\The Jitu\\The-Jitu\\error handling\\server.js:76:19\n    at Layer.handle [as handle_request] (C:\\Users\\user\\Documents\\The Jitu\\The-Jitu\\error handling\\node_modules\\express\\lib\\router\\layer.js:95:5)\n    at next (C:\\Users\\user\\Documents\\The Jitu\\The-Jitu\\error handling\\node_modules\\express\\lib\\router\\route.js:137:13)\n    at Route.dispatch (C:\\Users\\user\\Documents\\The Jitu\\The-Jitu\\error handling\\node_modules\\express\\lib\\router\\route.js:112:3)\n    at Layer.handle [as handle_request] (C:\\Users\\user\\Documents\\The Jitu\\The-Jitu\\error handling\\node_modules\\express\\lib\\router\\layer.js:95:5)\n    at C:\\Users\\user\\Documents\\The Jitu\\The-Jitu\\error handling\\node_modules\\express\\lib\\router\\index.js:281:22\n    at Function.process_params (C:\\Users\\user\\Documents\\The Jitu\\The-Jitu\\error handling\\node_modules\\express\\lib\\router\\index.js:335:12)\n    at next (C:\\Users\\user\\Documents\\The Jitu\\The-Jitu\\error handling\\node_modules\\express\\lib\\router\\index.js:275:10)\n    at urlencodedParser (C:\\Users\\user\\Documents\\The Jitu\\The-Jitu\\error handling\\node_modules\\body-parser\\lib\\types\\urlencoded.js:91:7)\n    at Layer.handle [as handle_request] (C:\\Users\\user\\Documents\\The Jitu\\The-Jitu\\error handling\\node_modules\\express\\lib\\router\\layer.js:95:5)"
}
{
    "name": "Error",
    "message": "asynchronous error",
    "stack": "Error: asynchronous error\n    at C:\\Users\\user\\Documents\\The Jitu\\The-Jitu\\error handling\\server.js:81:28\n    at Layer.handle [as handle_request] (C:\\Users\\user\\Documents\\The Jitu\\The-Jitu\\error handling\\node_modules\\express\\lib\\router\\layer.js:95:5)\n    at next (C:\\Users\\user\\Documents\\The Jitu\\The-Jitu\\error handling\\node_modules\\express\\lib\\router\\route.js:137:13)\n    at Route.dispatch (C:\\Users\\user\\Documents\\The Jitu\\The-Jitu\\error handling\\node_modules\\express\\lib\\router\\route.js:112:3)\n    at Layer.handle [as handle_request] (C:\\Users\\user\\Documents\\The Jitu\\The-Jitu\\error handling\\node_modules\\express\\lib\\router\\layer.js:95:5)\n    at C:\\Users\\user\\Documents\\The Jitu\\The-Jitu\\error handling\\node_modules\\express\\lib\\router\\index.js:281:22\n    at Function.process_params (C:\\Users\\user\\Documents\\The Jitu\\The-Jitu\\error handling\\node_modules\\express\\lib\\router\\index.js:335:12)\n    at next (C:\\Users\\user\\Documents\\The Jitu\\The-Jitu\\error handling\\node_modules\\express\\lib\\router\\index.js:275:10)\n    at urlencodedParser (C:\\Users\\user\\Documents\\The Jitu\\The-Jitu\\error handling\\node_modules\\body-parser\\lib\\types\\urlencoded.js:91:7)\n    at Layer.handle [as handle_request] (C:\\Users\\user\\Documents\\The Jitu\\The-Jitu\\error handling\\node_modules\\express\\lib\\router\\layer.js:95:5)"
}
{
    "name": 404,
    "message": "Page not found on this path: /panic/asyncd",
    "stack": "404: Page not found on this path: /panic/asyncd\n    at C:\\Users\\user\\Documents\\The Jitu\\The-Jitu\\error handling\\server.js:86:33\n    at Layer.handle [as handle_request] (C:\\Users\\user\\Documents\\The Jitu\\The-Jitu\\error handling\\node_modules\\express\\lib\\router\\layer.js:95:5)\n    at next (C:\\Users\\user\\Documents\\The Jitu\\The-Jitu\\error handling\\node_modules\\express\\lib\\router\\route.js:137:13)\n    at Route.dispatch (C:\\Users\\user\\Documents\\The Jitu\\The-Jitu\\error handling\\node_modules\\express\\lib\\router\\route.js:112:3)\n    at Layer.handle [as handle_request] (C:\\Users\\user\\Documents\\The Jitu\\The-Jitu\\error handling\\node_modules\\express\\lib\\router\\layer.js:95:5)\n    at C:\\Users\\user\\Documents\\The Jitu\\The-Jitu\\error handling\\node_modules\\express\\lib\\router\\index.js:281:22\n    at param (C:\\Users\\user\\Documents\\The Jitu\\The-Jitu\\error handling\\node_modules\\express\\lib\\router\\index.js:354:14)\n    at param (C:\\Users\\user\\Documents\\The Jitu\\The-Jitu\\error handling\\node_modules\\express\\lib\\router\\index.js:365:14)\n    at Function.process_params (C:\\Users\\user\\Documents\\The Jitu\\The-Jitu\\error handling\\node_modules\\express\\lib\\router\\index.js:410:3)\n    at next (C:\\Users\\user\\Documents\\The Jitu\\The-Jitu\\error handling\\node_modules\\express\\lib\\router\\index.js:275:10)"
}
{
    "name": "Error",
    "message": "asynchronous error",
    "stack": "Error: asynchronous error\n    at C:\\Users\\user\\Documents\\The Jitu\\The-Jitu\\error handling\\server.js:81:28\n    at Layer.handle [as handle_request] (C:\\Users\\user\\Documents\\The Jitu\\The-Jitu\\error handling\\node_modules\\express\\lib\\router\\layer.js:95:5)\n    at next (C:\\Users\\user\\Documents\\The Jitu\\The-Jitu\\error handling\\node_modules\\express\\lib\\router\\route.js:137:13)\n    at Route.dispatch (C:\\Users\\user\\Documents\\The Jitu\\The-Jitu\\error handling\\node_modules\\express\\lib\\router\\route.js:112:3)\n    at Layer.handle [as handle_request] (C:\\Users\\user\\Documents\\The Jitu\\The-Jitu\\error handling\\node_modules\\express\\lib\\router\\layer.js:95:5)\n    at C:\\Users\\user\\Documents\\The Jitu\\The-Jitu\\error handling\\node_modules\\express\\lib\\router\\index.js:281:22\n    at Function.process_params (C:\\Users\\user\\Documents\\The Jitu\\The-Jitu\\error handling\\node_modules\\express\\lib\\router\\index.js:335:12)\n    at next (C:\\Users\\user\\Documents\\The Jitu\\The-Jitu\\error handling\\node_modules\\express\\lib\\router\\index.js:275:10)\n    at urlencodedParser (C:\\Users\\user\\Documents\\The Jitu\\The-Jitu\\error handling\\node_modules\\body-parser\\lib\\types\\urlencoded.js:91:7)\n    at Layer.handle [as handle_request] (C:\\Users\\user\\Documents\\The Jitu\\The-Jitu\\error handling\\node_modules\\express\\lib\\router\\layer.js:95:5)"
}
{
    "name": "Error",
    "message": "asynchronous error",
    "stack": "Error: asynchronous error\n    at C:\\Users\\user\\Documents\\The Jitu\\The-Jitu\\error handling\\server.js:106:28\n    at Layer.handle [as handle_request] (C:\\Users\\user\\Documents\\The Jitu\\The-Jitu\\error handling\\node_modules\\express\\lib\\router\\layer.js:95:5)\n    at next (C:\\Users\\user\\Documents\\The Jitu\\The-Jitu\\error handling\\node_modules\\express\\lib\\router\\route.js:137:13)\n    at Route.dispatch (C:\\Users\\user\\Documents\\The Jitu\\The-Jitu\\error handling\\node_modules\\express\\lib\\router\\route.js:112:3)\n    at Layer.handle [as handle_request] (C:\\Users\\user\\Documents\\The Jitu\\The-Jitu\\error handling\\node_modules\\express\\lib\\router\\layer.js:95:5)\n    at C:\\Users\\user\\Documents\\The Jitu\\The-Jitu\\error handling\\node_modules\\express\\lib\\router\\index.js:281:22\n    at Function.process_params (C:\\Users\\user\\Documents\\The Jitu\\The-Jitu\\error handling\\node_modules\\express\\lib\\router\\index.js:335:12)\n    at next (C:\\Users\\user\\Documents\\The Jitu\\The-Jitu\\error handling\\node_modules\\express\\lib\\router\\index.js:275:10)\n    at urlencodedParser (C:\\Users\\user\\Documents\\The Jitu\\The-Jitu\\error handling\\node_modules\\body-parser\\lib\\types\\urlencoded.js:91:7)\n    at Layer.handle [as handle_request] (C:\\Users\\user\\Documents\\The Jitu\\The-Jitu\\error handling\\node_modules\\express\\lib\\router\\layer.js:95:5)"
}
{
    "name": "Error",
    "message": "synchronous error",
    "stack": "Error: synchronous error\n    at app.get (/home/mustafa/Documents/Jitu Internship Repos/error-handling/server.js:102:19)\n    at Layer.handle [as handle_request] (/home/mustafa/Documents/Jitu Internship Repos/error-handling/node_modules/express/lib/router/layer.js:95:5)\n    at next (/home/mustafa/Documents/Jitu Internship Repos/error-handling/node_modules/express/lib/router/route.js:137:13)\n    at Route.dispatch (/home/mustafa/Documents/Jitu Internship Repos/error-handling/node_modules/express/lib/router/route.js:112:3)\n    at Layer.handle [as handle_request] (/home/mustafa/Documents/Jitu Internship Repos/error-handling/node_modules/express/lib/router/layer.js:95:5)\n    at /home/mustafa/Documents/Jitu Internship Repos/error-handling/node_modules/express/lib/router/index.js:281:22\n    at Function.process_params (/home/mustafa/Documents/Jitu Internship Repos/error-handling/node_modules/express/lib/router/index.js:335:12)\n    at next (/home/mustafa/Documents/Jitu Internship Repos/error-handling/node_modules/express/lib/router/index.js:275:10)\n    at urlencodedParser (/home/mustafa/Documents/Jitu Internship Repos/error-handling/node_modules/body-parser/lib/types/urlencoded.js:91:7)\n    at Layer.handle [as handle_request] (/home/mustafa/Documents/Jitu Internship Repos/error-handling/node_modules/express/lib/router/layer.js:95:5)"
}
{
    "name": "Error",
    "message": "asynchronous error",
    "stack": "Error: asynchronous error\n    at app.get (/home/mustafa/Documents/Jitu Internship Repos/error-handling/server.js:107:28)\n    at Layer.handle [as handle_request] (/home/mustafa/Documents/Jitu Internship Repos/error-handling/node_modules/express/lib/router/layer.js:95:5)\n    at next (/home/mustafa/Documents/Jitu Internship Repos/error-handling/node_modules/express/lib/router/route.js:137:13)\n    at Route.dispatch (/home/mustafa/Documents/Jitu Internship Repos/error-handling/node_modules/express/lib/router/route.js:112:3)\n    at Layer.handle [as handle_request] (/home/mustafa/Documents/Jitu Internship Repos/error-handling/node_modules/express/lib/router/layer.js:95:5)\n    at /home/mustafa/Documents/Jitu Internship Repos/error-handling/node_modules/express/lib/router/index.js:281:22\n    at Function.process_params (/home/mustafa/Documents/Jitu Internship Repos/error-handling/node_modules/express/lib/router/index.js:335:12)\n    at next (/home/mustafa/Documents/Jitu Internship Repos/error-handling/node_modules/express/lib/router/index.js:275:10)\n    at urlencodedParser (/home/mustafa/Documents/Jitu Internship Repos/error-handling/node_modules/body-parser/lib/types/urlencoded.js:91:7)\n    at Layer.handle [as handle_request] (/home/mustafa/Documents/Jitu Internship Repos/error-handling/node_modules/express/lib/router/layer.js:95:5)"
}
{
    "name": "Error",
    "message": "asynchronous error",
    "stack": "Error: asynchronous error\n    at app.get (/home/mustafa/Documents/Jitu Internship Repos/error-handling/server.js:107:28)\n    at Layer.handle [as handle_request] (/home/mustafa/Documents/Jitu Internship Repos/error-handling/node_modules/express/lib/router/layer.js:95:5)\n    at next (/home/mustafa/Documents/Jitu Internship Repos/error-handling/node_modules/express/lib/router/route.js:137:13)\n    at Route.dispatch (/home/mustafa/Documents/Jitu Internship Repos/error-handling/node_modules/express/lib/router/route.js:112:3)\n    at Layer.handle [as handle_request] (/home/mustafa/Documents/Jitu Internship Repos/error-handling/node_modules/express/lib/router/layer.js:95:5)\n    at /home/mustafa/Documents/Jitu Internship Repos/error-handling/node_modules/express/lib/router/index.js:281:22\n    at Function.process_params (/home/mustafa/Documents/Jitu Internship Repos/error-handling/node_modules/express/lib/router/index.js:335:12)\n    at next (/home/mustafa/Documents/Jitu Internship Repos/error-handling/node_modules/express/lib/router/index.js:275:10)\n    at urlencodedParser (/home/mustafa/Documents/Jitu Internship Repos/error-handling/node_modules/body-parser/lib/types/urlencoded.js:91:7)\n    at Layer.handle [as handle_request] (/home/mustafa/Documents/Jitu Internship Repos/error-handling/node_modules/express/lib/router/layer.js:95:5)"
}
{
    "name": "Error",
    "message": "asynchronous error",
    "stack": "Error: asynchronous error\n    at app.get (/home/mustafa/Documents/Jitu Internship Repos/error-handling/server.js:107:28)\n    at Layer.handle [as handle_request] (/home/mustafa/Documents/Jitu Internship Repos/error-handling/node_modules/express/lib/router/layer.js:95:5)\n    at next (/home/mustafa/Documents/Jitu Internship Repos/error-handling/node_modules/express/lib/router/route.js:137:13)\n    at Route.dispatch (/home/mustafa/Documents/Jitu Internship Repos/error-handling/node_modules/express/lib/router/route.js:112:3)\n    at Layer.handle [as handle_request] (/home/mustafa/Documents/Jitu Internship Repos/error-handling/node_modules/express/lib/router/layer.js:95:5)\n    at /home/mustafa/Documents/Jitu Internship Repos/error-handling/node_modules/express/lib/router/index.js:281:22\n    at Function.process_params (/home/mustafa/Documents/Jitu Internship Repos/error-handling/node_modules/express/lib/router/index.js:335:12)\n    at next (/home/mustafa/Documents/Jitu Internship Repos/error-handling/node_modules/express/lib/router/index.js:275:10)\n    at urlencodedParser (/home/mustafa/Documents/Jitu Internship Repos/error-handling/node_modules/body-parser/lib/types/urlencoded.js:91:7)\n    at Layer.handle [as handle_request] (/home/mustafa/Documents/Jitu Internship Repos/error-handling/node_modules/express/lib/router/layer.js:95:5)"
}
{
    "name": "Error",
    "message": "asynchronous error",
    "stack": "Error: asynchronous error\n    at app.get (/home/mustafa/Documents/Jitu Internship Repos/error-handling/server.js:107:28)\n    at Layer.handle [as handle_request] (/home/mustafa/Documents/Jitu Internship Repos/error-handling/node_modules/express/lib/router/layer.js:95:5)\n    at next (/home/mustafa/Documents/Jitu Internship Repos/error-handling/node_modules/express/lib/router/route.js:137:13)\n    at Route.dispatch (/home/mustafa/Documents/Jitu Internship Repos/error-handling/node_modules/express/lib/router/route.js:112:3)\n    at Layer.handle [as handle_request] (/home/mustafa/Documents/Jitu Internship Repos/error-handling/node_modules/express/lib/router/layer.js:95:5)\n    at /home/mustafa/Documents/Jitu Internship Repos/error-handling/node_modules/express/lib/router/index.js:281:22\n    at Function.process_params (/home/mustafa/Documents/Jitu Internship Repos/error-handling/node_modules/express/lib/router/index.js:335:12)\n    at next (/home/mustafa/Documents/Jitu Internship Repos/error-handling/node_modules/express/lib/router/index.js:275:10)\n    at urlencodedParser (/home/mustafa/Documents/Jitu Internship Repos/error-handling/node_modules/body-parser/lib/types/urlencoded.js:91:7)\n    at Layer.handle [as handle_request] (/home/mustafa/Documents/Jitu Internship Repos/error-handling/node_modules/express/lib/router/layer.js:95:5)"
}
{
    "name": "Error",
    "message": "asynchronous error",
    "stack": "Error: asynchronous error\n    at app.get (/home/mustafa/Documents/Jitu Internship Repos/error-handling/server.js:107:28)\n    at Layer.handle [as handle_request] (/home/mustafa/Documents/Jitu Internship Repos/error-handling/node_modules/express/lib/router/layer.js:95:5)\n    at next (/home/mustafa/Documents/Jitu Internship Repos/error-handling/node_modules/express/lib/router/route.js:137:13)\n    at Route.dispatch (/home/mustafa/Documents/Jitu Internship Repos/error-handling/node_modules/express/lib/router/route.js:112:3)\n    at Layer.handle [as handle_request] (/home/mustafa/Documents/Jitu Internship Repos/error-handling/node_modules/express/lib/router/layer.js:95:5)\n    at /home/mustafa/Documents/Jitu Internship Repos/error-handling/node_modules/express/lib/router/index.js:281:22\n    at Function.process_params (/home/mustafa/Documents/Jitu Internship Repos/error-handling/node_modules/express/lib/router/index.js:335:12)\n    at next (/home/mustafa/Documents/Jitu Internship Repos/error-handling/node_modules/express/lib/router/index.js:275:10)\n    at urlencodedParser (/home/mustafa/Documents/Jitu Internship Repos/error-handling/node_modules/body-parser/lib/types/urlencoded.js:91:7)\n    at Layer.handle [as handle_request] (/home/mustafa/Documents/Jitu Internship Repos/error-handling/node_modules/express/lib/router/layer.js:95:5)"
}
{
    "name": "Error",
    "message": "asynchronous error",
    "stack": "Error: asynchronous error\n    at app.get (/home/mustafa/Documents/Jitu Internship Repos/error-handling/server.js:108:28)\n    at Layer.handle [as handle_request] (/home/mustafa/Documents/Jitu Internship Repos/error-handling/node_modules/express/lib/router/layer.js:95:5)\n    at next (/home/mustafa/Documents/Jitu Internship Repos/error-handling/node_modules/express/lib/router/route.js:137:13)\n    at Route.dispatch (/home/mustafa/Documents/Jitu Internship Repos/error-handling/node_modules/express/lib/router/route.js:112:3)\n    at Layer.handle [as handle_request] (/home/mustafa/Documents/Jitu Internship Repos/error-handling/node_modules/express/lib/router/layer.js:95:5)\n    at /home/mustafa/Documents/Jitu Internship Repos/error-handling/node_modules/express/lib/router/index.js:281:22\n    at Function.process_params (/home/mustafa/Documents/Jitu Internship Repos/error-handling/node_modules/express/lib/router/index.js:335:12)\n    at next (/home/mustafa/Documents/Jitu Internship Repos/error-handling/node_modules/express/lib/router/index.js:275:10)\n    at urlencodedParser (/home/mustafa/Documents/Jitu Internship Repos/error-handling/node_modules/body-parser/lib/types/urlencoded.js:91:7)\n    at Layer.handle [as handle_request] (/home/mustafa/Documents/Jitu Internship Repos/error-handling/node_modules/express/lib/router/layer.js:95:5)"
}
